<?xml version="1.0" encoding="UTF-8"?>
<testsuite name="testZik" tests="4" skipped="0" failures="0" errors="0" timestamp="2020-06-08T16:19:15" hostname="HP-PC" time="0.001">
  <properties/>
  <testcase name="testCollectIntelligence" classname="testZik" time="0.0"/>
  <testcase name="testBda" classname="testZik" time="0.001"/>
  <testcase name="testRepairZik" classname="testZik" time="0.0"/>
  <testcase name="testAttackImplementedInZik" classname="testZik" time="0.0"/>
  <system-out><![CDATA[]]></system-out>
  <system-err><![CDATA[]]></system-err>
</testsuite>
